<?xml version="1.0" encoding="UTF-8"?>
<!-- Generated by org.testng.reporters.JUnitReportReporter -->
<testsuite skipped="0" hostname="DESKTOP-FTTNPDF" name="com.launch.LoginTest" tests="1" failures="0" timestamp="2021-05-14T00:47:09 IST" time="0.991" errors="0">
  <testcase name="loginTest" time="0.991" classname="com.launch.LoginTest"/>
  <system-out/>
</testsuite> <!-- com.launch.LoginTest -->
